Flow report for flipflop_jk
Sun Mar 27 13:06:43 2022
Quartus Prime Version 20.1.1 Build 720 11/11/2020 SJ Lite Edition


---------------------
; Table of Contents ;
---------------------
  1. Legal Notice
  2. Flow Summary
  3. Flow Settings
  4. Flow Non-Default Global Settings
  5. Flow Elapsed Time
  6. Flow OS Summary
  7. Flow Log
  8. Flow Messages
  9. Flow Suppressed Messages



----------------
; Legal Notice ;
----------------
Copyright (C) 2020  Intel Corporation. All rights reserved.
Your use of Intel Corporation's design tools, logic functions 
and other software and tools, and any partner logic 
functions, and any output files from any of the foregoing 
(including device programming or simulation files), and any 
associated documentation or information are expressly subject 
to the terms and conditions of the Intel Program License 
Subscription Agreement, the Intel Quartus Prime License Agreement,
the Intel FPGA IP License Agreement, or other applicable license
agreement, including, without limitation, that your use is for
the sole purpose of programming logic devices manufactured by
Intel and sold by Intel or its authorized distributors.  Please
refer to the applicable agreement for further details, at
https://fpgasoftware.intel.com/eula.



+-------------------------------------------------------------------------------+
; Flow Summary                                                                  ;
+---------------------------------+---------------------------------------------+
; Flow Status                     ; Successful - Sun Mar 27 13:06:43 2022       ;
; Quartus Prime Version           ; 20.1.1 Build 720 11/11/2020 SJ Lite Edition ;
; Revision Name                   ; flipflop_jk                                 ;
; Top-level Entity Name           ; flipflop_jk                                 ;
; Family                          ; Cyclone V                                   ;
; Device                          ; 5CGXFC7C7F23C8                              ;
; Timing Models                   ; Final                                       ;
; Logic utilization (in ALMs)     ; N/A                                         ;
; Total registers                 ; 0                                           ;
; Total pins                      ; 5                                           ;
; Total virtual pins              ; 0                                           ;
; Total block memory bits         ; 0                                           ;
; Total DSP Blocks                ; 0                                           ;
; Total HSSI RX PCSs              ; 0                                           ;
; Total HSSI PMA RX Deserializers ; 0                                           ;
; Total HSSI TX PCSs              ; 0                                           ;
; Total HSSI PMA TX Serializers   ; 0                                           ;
; Total PLLs                      ; 0                                           ;
; Total DLLs                      ; 0                                           ;
+---------------------------------+---------------------------------------------+


+-----------------------------------------+
; Flow Settings                           ;
+-------------------+---------------------+
; Option            ; Setting             ;
+-------------------+---------------------+
; Start date & time ; 03/27/2022 13:01:35 ;
; Main task         ; Compilation         ;
; Revision Name     ; flipflop_jk         ;
+-------------------+---------------------+


+------------------------------------------------------------------------------------------------------------------------------------------------+
; Flow Non-Default Global Settings                                                                                                               ;
+-------------------------------------+----------------------------------------+---------------+-------------+-----------------------------------+
; Assignment Name                     ; Value                                  ; Default Value ; Entity Name ; Section Id                        ;
+-------------------------------------+----------------------------------------+---------------+-------------+-----------------------------------+
; COMPILER_SIGNATURE_ID               ; 163519839983916.164839689535873        ; --            ; --          ; --                                ;
; EDA_GENERATE_FUNCTIONAL_NETLIST     ; Off                                    ; --            ; --          ; eda_board_design_timing           ;
; EDA_GENERATE_FUNCTIONAL_NETLIST     ; Off                                    ; --            ; --          ; eda_board_design_boundary_scan    ;
; EDA_GENERATE_FUNCTIONAL_NETLIST     ; Off                                    ; --            ; --          ; eda_board_design_signal_integrity ;
; EDA_GENERATE_FUNCTIONAL_NETLIST     ; Off                                    ; --            ; --          ; eda_board_design_symbol           ;
; EDA_OUTPUT_DATA_FORMAT              ; Verilog Hdl                            ; --            ; --          ; eda_simulation                    ;
; EDA_SIMULATION_TOOL                 ; ModelSim-Altera (Verilog)              ; <None>        ; --          ; --                                ;
; EDA_TIME_SCALE                      ; 1 ps                                   ; --            ; --          ; eda_simulation                    ;
; PARTITION_COLOR                     ; -- (Not supported for targeted family) ; --            ; --          ; Top                               ;
; PARTITION_FITTER_PRESERVATION_LEVEL ; -- (Not supported for targeted family) ; --            ; --          ; Top                               ;
; PARTITION_NETLIST_TYPE              ; -- (Not supported for targeted family) ; --            ; --          ; Top                               ;
; PROJECT_OUTPUT_DIRECTORY            ; output_files                           ; --            ; --          ; --                                ;
+-------------------------------------+----------------------------------------+---------------+-------------+-----------------------------------+


+--------------------------------------------------------------------------------------------------------------------------+
; Flow Elapsed Time                                                                                                        ;
+----------------------+--------------+-------------------------+---------------------+------------------------------------+
; Module Name          ; Elapsed Time ; Average Processors Used ; Peak Virtual Memory ; Total CPU Time (on all processors) ;
+----------------------+--------------+-------------------------+---------------------+------------------------------------+
; Analysis & Synthesis ; 00:00:07     ; 1.0                     ; 479 MB              ; 00:00:16                           ;
; EDA Netlist Writer   ; 00:00:00     ; 1.0                     ; 670 MB              ; 00:00:00                           ;
; EDA Netlist Writer   ; 00:00:00     ; 1.0                     ; 674 MB              ; 00:00:00                           ;
; EDA Netlist Writer   ; 00:00:01     ; 1.0                     ; 670 MB              ; 00:00:00                           ;
; EDA Netlist Writer   ; 00:00:01     ; 1.0                     ; 674 MB              ; 00:00:00                           ;
; EDA Netlist Writer   ; 00:00:00     ; 1.0                     ; 670 MB              ; 00:00:00                           ;
; EDA Netlist Writer   ; 00:00:00     ; 1.0                     ; 674 MB              ; 00:00:00                           ;
; EDA Netlist Writer   ; 00:00:00     ; 1.0                     ; 670 MB              ; 00:00:00                           ;
; EDA Netlist Writer   ; 00:00:00     ; 1.0                     ; 674 MB              ; 00:00:00                           ;
; EDA Netlist Writer   ; 00:00:00     ; 1.0                     ; 670 MB              ; 00:00:00                           ;
; EDA Netlist Writer   ; 00:00:00     ; 1.0                     ; 674 MB              ; 00:00:00                           ;
; EDA Netlist Writer   ; 00:00:00     ; 1.0                     ; 670 MB              ; 00:00:00                           ;
; EDA Netlist Writer   ; 00:00:00     ; 1.0                     ; 674 MB              ; 00:00:00                           ;
; Total                ; 00:00:09     ; --                      ; --                  ; 00:00:16                           ;
+----------------------+--------------+-------------------------+---------------------+------------------------------------+


+----------------------------------------------------------------------------------------+
; Flow OS Summary                                                                        ;
+----------------------+------------------+----------------+------------+----------------+
; Module Name          ; Machine Hostname ; OS Name        ; OS Version ; Processor type ;
+----------------------+------------------+----------------+------------+----------------+
; Analysis & Synthesis ; N305-3013471     ; Ubuntu 20.04.3 ; 20         ; x86_64         ;
; EDA Netlist Writer   ; N305-3013471     ; Ubuntu 20.04.3 ; 20         ; x86_64         ;
; EDA Netlist Writer   ; N305-3013471     ; Ubuntu 20.04.3 ; 20         ; x86_64         ;
; EDA Netlist Writer   ; N305-3013471     ; Ubuntu 20.04.3 ; 20         ; x86_64         ;
; EDA Netlist Writer   ; N305-3013471     ; Ubuntu 20.04.3 ; 20         ; x86_64         ;
; EDA Netlist Writer   ; N305-3013471     ; Ubuntu 20.04.3 ; 20         ; x86_64         ;
; EDA Netlist Writer   ; N305-3013471     ; Ubuntu 20.04.3 ; 20         ; x86_64         ;
; EDA Netlist Writer   ; N305-3013471     ; Ubuntu 20.04.3 ; 20         ; x86_64         ;
; EDA Netlist Writer   ; N305-3013471     ; Ubuntu 20.04.3 ; 20         ; x86_64         ;
; EDA Netlist Writer   ; N305-3013471     ; Ubuntu 20.04.3 ; 20         ; x86_64         ;
; EDA Netlist Writer   ; N305-3013471     ; Ubuntu 20.04.3 ; 20         ; x86_64         ;
; EDA Netlist Writer   ; N305-3013471     ; Ubuntu 20.04.3 ; 20         ; x86_64         ;
; EDA Netlist Writer   ; N305-3013471     ; Ubuntu 20.04.3 ; 20         ; x86_64         ;
+----------------------+------------------+----------------+------------+----------------+


------------
; Flow Log ;
------------
quartus_map --read_settings_files=on --write_settings_files=off flipflop_jk -c flipflop_jk
quartus_eda --gen_testbench --tool=modelsim_oem --format=vhdl --write_settings_files=off flipflop_jk -c flipflop_jk --vector_source=/home/senai/DLP/flipflop_jk/Waveform.vwf --testbench_file=/home/senai/DLP/flipflop_jk/simulation/qsim/Waveform.vwf.vht
quartus_eda --write_settings_files=off --simulation=on --functional=on --flatten_buses=off --tool=modelsim_oem --format=vhdl --output_directory=/home/senai/DLP/flipflop_jk/simulation/qsim/ flipflop_jk -c flipflop_jk
quartus_eda --gen_testbench --tool=modelsim_oem --format=verilog --write_settings_files=off flipflop_jk -c flipflop_jk --vector_source=/home/senai/DLP/flipflop_jk/Waveform.vwf --testbench_file=/home/senai/DLP/flipflop_jk/simulation/qsim/Waveform.vwf.vt
quartus_eda --write_settings_files=off --simulation=on --functional=on --flatten_buses=off --tool=modelsim_oem --format=verilog --output_directory=/home/senai/DLP/flipflop_jk/simulation/qsim/ flipflop_jk -c flipflop_jk
quartus_eda --gen_testbench --tool=modelsim_oem --format=verilog --write_settings_files=off flipflop_jk -c flipflop_jk --vector_source=/home/senai/DLP/flipflop_jk/Waveform.vwf --testbench_file=/home/senai/DLP/flipflop_jk/simulation/qsim/Waveform.vwf.vt
quartus_eda --write_settings_files=off --simulation=on --functional=on --flatten_buses=off --tool=modelsim_oem --format=verilog --output_directory=/home/senai/DLP/flipflop_jk/simulation/qsim/ flipflop_jk -c flipflop_jk
quartus_eda --gen_testbench --tool=modelsim_oem --format=verilog --write_settings_files=off flipflop_jk -c flipflop_jk --vector_source=/home/senai/DLP/flipflop_jk/Waveform.vwf --testbench_file=/home/senai/DLP/flipflop_jk/simulation/qsim/Waveform.vwf.vt
quartus_eda --write_settings_files=off --simulation=on --functional=on --flatten_buses=off --tool=modelsim_oem --format=verilog --output_directory=/home/senai/DLP/flipflop_jk/simulation/qsim/ flipflop_jk -c flipflop_jk
quartus_eda --gen_testbench --tool=modelsim_oem --format=verilog --write_settings_files=off flipflop_jk -c flipflop_jk --vector_source=/home/senai/DLP/flipflop_jk/Waveform.vwf --testbench_file=/home/senai/DLP/flipflop_jk/simulation/qsim/Waveform.vwf.vt
quartus_eda --write_settings_files=off --simulation=on --functional=on --flatten_buses=off --tool=modelsim_oem --format=verilog --output_directory=/home/senai/DLP/flipflop_jk/simulation/qsim/ flipflop_jk -c flipflop_jk
quartus_eda --gen_testbench --tool=modelsim_oem --format=verilog --write_settings_files=off flipflop_jk -c flipflop_jk --vector_source=/home/senai/DLP/flipflop_jk/Waveform.vwf --testbench_file=/home/senai/DLP/flipflop_jk/simulation/qsim/Waveform.vwf.vt
quartus_eda --write_settings_files=off --simulation=on --functional=on --flatten_buses=off --tool=modelsim_oem --format=verilog --output_directory=/home/senai/DLP/flipflop_jk/simulation/qsim/ flipflop_jk -c flipflop_jk



